生成启动时间为 2016/10/28 15:51:49。
     1>项目“C:\Users\Administrator\documents\visual studio 2013\Projects\example\example\example.vcxproj”在节点 2 上(Build 个目标)。
     1>ClCompile:
         C:\Program Files (x86)\Microsoft Visual Studio 12.0\VC\bin\x86_amd64\CL.exe /c /ID:\files\protobuffer\protobuffer\protobuffer /Zi /nologo /W3 /WX- /sdl /Od /D WIN32 /D _DEBUG /D _CONSOLE /D _LIB /D _UNICODE /D UNICODE /Gm /EHsc /RTC1 /MDd /GS- /fp:precise /Zc:wchar_t /Zc:forScope /Fo"x64\Debug\\" /Fd"x64\Debug\vc120.pdb" /Gd /TP /errorReport:prompt main3.cpp
     1>cl : 命令行 warning D9025: 正在重写“/sdl”(用“/GS-”)
         main3.cpp
     1>main3.cpp(89): warning C4267: “=”: 从“size_t”转换到“int”，可能丢失数据
     1>main3.cpp(106): warning C4267: “初始化”: 从“size_t”转换到“int”，可能丢失数据
     1>main3.cpp(135): warning C4101: “temp”: 未引用的局部变量
     1>main3.cpp(193): warning C4305: “初始化”: 从“double”到“float”截断
     1>main3.cpp(206): warning C4244: “=”: 从“intptr_t”转换到“long”，可能丢失数据
     1>main3.cpp(244): warning C4267: “参数”: 从“size_t”转换到“const int”，可能丢失数据
     1>main3.cpp(309): warning C4267: “初始化”: 从“size_t”转换到“int”，可能丢失数据
     1>main3.cpp(323): warning C4267: “=”: 从“size_t”转换到“int”，可能丢失数据
     1>main3.cpp(349): warning C4267: “=”: 从“size_t”转换到“int”，可能丢失数据
     1>main3.cpp(399): warning C4244: “=”: 从“intptr_t”转换到“long”，可能丢失数据
     1>main3.cpp(433): warning C4267: “参数”: 从“size_t”转换到“const int”，可能丢失数据
       Link:
         C:\Program Files (x86)\Microsoft Visual Studio 12.0\VC\bin\x86_amd64\link.exe /ERRORREPORT:PROMPT /OUT:"C:\Users\Administrator\documents\visual studio 2013\Projects\example\x64\Debug\example.exe" /INCREMENTAL /NOLOGO /LIBPATH:D:\files\protobuffer\protobuffer\protobuffer libprotobufd.lib kernel32.lib user32.lib gdi32.lib winspool.lib comdlg32.lib advapi32.lib shell32.lib ole32.lib oleaut32.lib uuid.lib odbc32.lib odbccp32.lib /MANIFEST /MANIFESTUAC:"level='asInvoker' uiAccess='false'" /manifest:embed /DEBUG /PDB:"C:\Users\Administrator\documents\visual studio 2013\Projects\example\x64\Debug\example.pdb" /SUBSYSTEM:CONSOLE /TLBID:1 /DYNAMICBASE /NXCOMPAT /IMPLIB:"C:\Users\Administrator\documents\visual studio 2013\Projects\example\x64\Debug\example.lib" /MACHINE:X64 x64\Debug\feature.pb.obj
         x64\Debug\main3.obj
         example.vcxproj -> C:\Users\Administrator\documents\visual studio 2013\Projects\example\x64\Debug\example.exe
     1>已完成生成项目“C:\Users\Administrator\documents\visual studio 2013\Projects\example\example\example.vcxproj”(Build 个目标)的操作。

生成成功。

已用时间 00:00:03.63
